  main.cpp
C:\Users\Katya R\Documents\GitHub\RyabovaKate\неделя 2\main\main.cpp(3,10): warning C4067: непредвиденные лексемы за директивой препроцессора, требуется newline
C:\Users\Katya R\Documents\GitHub\RyabovaKate\неделя 2\main\main.cpp(4,10): warning C4067: непредвиденные лексемы за директивой препроцессора, требуется newline
C:\Users\Katya R\Documents\GitHub\RyabovaKate\неделя 2\main\main.cpp(5,10): warning C4067: непредвиденные лексемы за директивой препроцессора, требуется newline
C:\Users\Katya R\Documents\GitHub\RyabovaKate\неделя 2\main\main.cpp(35,33): warning C4244: аргумент: преобразование "double" в "float", возможна потеря данных
C:\Users\Katya R\Documents\GitHub\RyabovaKate\неделя 2\main\main.cpp(35,30): warning C4244: аргумент: преобразование "double" в "float", возможна потеря данных
C:\Users\Katya R\Documents\GitHub\RyabovaKate\неделя 2\main\main.cpp(35,27): warning C4244: аргумент: преобразование "double" в "float", возможна потеря данных
C:\Users\Katya R\Documents\GitHub\RyabovaKate\неделя 2\main\main.cpp(38,34): warning C4244: аргумент: преобразование "double" в "float", возможна потеря данных
C:\Users\Katya R\Documents\GitHub\RyabovaKate\неделя 2\main\main.cpp(38,31): warning C4244: аргумент: преобразование "double" в "float", возможна потеря данных
C:\Users\Katya R\Documents\GitHub\RyabovaKate\неделя 2\main\main.cpp(38,28): warning C4244: аргумент: преобразование "double" в "float", возможна потеря данных
C:\Users\Katya R\Documents\GitHub\RyabovaKate\неделя 2\main\main.cpp(41,33): warning C4244: аргумент: преобразование "double" в "float", возможна потеря данных
C:\Users\Katya R\Documents\GitHub\RyabovaKate\неделя 2\main\main.cpp(41,30): warning C4244: аргумент: преобразование "double" в "float", возможна потеря данных
C:\Users\Katya R\Documents\GitHub\RyabovaKate\неделя 2\main\main.cpp(41,27): warning C4244: аргумент: преобразование "double" в "float", возможна потеря данных
C:\Users\Katya R\Documents\GitHub\RyabovaKate\неделя 2\main\main.cpp(50,28): warning C4244: аргумент: преобразование "double" в "float", возможна потеря данных
C:\Users\Katya R\Documents\GitHub\RyabovaKate\неделя 2\main\main.cpp(50,25): warning C4244: аргумент: преобразование "double" в "float", возможна потеря данных
C:\Users\Katya R\Documents\GitHub\RyabovaKate\неделя 2\main\main.cpp(50,22): warning C4244: аргумент: преобразование "double" в "float", возможна потеря данных
C:\Users\Katya R\Documents\GitHub\RyabovaKate\неделя 2\main\main.cpp(56,111): warning C4244: аргумент: преобразование "double" в "float", возможна потеря данных
C:\Users\Katya R\Documents\GitHub\RyabovaKate\неделя 2\main\main.cpp(56,108): warning C4244: аргумент: преобразование "double" в "float", возможна потеря данных
C:\Users\Katya R\Documents\GitHub\RyabovaKate\неделя 2\main\main.cpp(56,105): warning C4244: аргумент: преобразование "double" в "float", возможна потеря данных
C:\Users\Katya R\Documents\GitHub\RyabovaKate\неделя 2\main\main.cpp(57,115): warning C4244: аргумент: преобразование "double" в "float", возможна потеря данных
C:\Users\Katya R\Documents\GitHub\RyabovaKate\неделя 2\main\main.cpp(57,112): warning C4244: аргумент: преобразование "double" в "float", возможна потеря данных
C:\Users\Katya R\Documents\GitHub\RyabovaKate\неделя 2\main\main.cpp(57,109): warning C4244: аргумент: преобразование "double" в "float", возможна потеря данных
C:\Users\Katya R\Documents\GitHub\RyabovaKate\неделя 2\main\main.cpp(60,138): warning C4244: аргумент: преобразование "double" в "float", возможна потеря данных
C:\Users\Katya R\Documents\GitHub\RyabovaKate\неделя 2\main\main.cpp(60,135): warning C4244: аргумент: преобразование "double" в "float", возможна потеря данных
C:\Users\Katya R\Documents\GitHub\RyabovaKate\неделя 2\main\main.cpp(60,132): warning C4244: аргумент: преобразование "double" в "float", возможна потеря данных
  Triangle.cpp
C:\Users\Katya R\Documents\GitHub\RyabovaKate\неделя 2\main\Triangle.cpp(3,10): warning C4067: непредвиденные лексемы за директивой препроцессора, требуется newline
  Создание кода...
  main.vcxproj -> C:\Users\Katya R\Documents\GitHub\RyabovaKate\неделя 2\Debug\main.exe
